<?xml version="1.0" encoding="UTF-8"?>
<!-- Generated by org.testng.reporters.JUnitXMLReporter -->
<testsuite hostname="bhavya-110-a04" ignored="0" name="Default test" tests="4" failures="0" timestamp="07 Feb 2019 00:37:22 GMT" time="0.052" errors="0">
  <testcase name="verifyCarColor" time="0.004" classname="RentalCars.RentalCars.RentalCarsTest"/>
  <testcase name="verifyHeightRevenu" time="0.002" classname="RentalCars.RentalCars.RentalCarsTest"/>
  <testcase name="verifyLowestPriceAfterDiscount" time="0.002" classname="RentalCars.RentalCars.RentalCarsTest"/>
  <testcase name="verifyLowestPriceCar" time="0.001" classname="RentalCars.RentalCars.RentalCarsTest"/>
</testsuite> <!-- Default test -->
