<?xml version="1.0" encoding="UTF-8"?>
<testng-results skipped="0" failed="0" ignored="0" total="4" passed="4">
  <reporter-output>
  </reporter-output>
  <suite name="Default suite" duration-ms="52" started-at="2019-02-07T00:37:22Z" finished-at="2019-02-07T00:37:22Z">
    <groups>
    </groups>
    <test name="Default test" duration-ms="52" started-at="2019-02-07T00:37:22Z" finished-at="2019-02-07T00:37:22Z">
      <class name="RentalCars.RentalCars.RentalCarsTest">
        <test-method status="PASS" signature="init()[pri:0, instance:RentalCars.RentalCars.RentalCarsTest@4f933fd1]" name="init" is-config="true" duration-ms="13" started-at="2019-02-07T00:37:22Z" finished-at="2019-02-07T00:37:22Z">
          <reporter-output>
          </reporter-output>
        </test-method> <!-- init -->
        <test-method status="PASS" signature="verifyCarColor()[pri:0, instance:RentalCars.RentalCars.RentalCarsTest@4f933fd1]" name="verifyCarColor" duration-ms="4" started-at="2019-02-07T00:37:22Z" finished-at="2019-02-07T00:37:22Z">
          <reporter-output>
          </reporter-output>
        </test-method> <!-- verifyCarColor -->
        <test-method status="PASS" signature="verifyHeightRevenu()[pri:0, instance:RentalCars.RentalCars.RentalCarsTest@4f933fd1]" name="verifyHeightRevenu" duration-ms="2" started-at="2019-02-07T00:37:22Z" finished-at="2019-02-07T00:37:22Z">
          <reporter-output>
          </reporter-output>
        </test-method> <!-- verifyHeightRevenu -->
        <test-method status="PASS" signature="init()[pri:0, instance:RentalCars.RentalCars.RentalCarsTest@4f933fd1]" name="init" is-config="true" duration-ms="0" started-at="2019-02-07T00:37:22Z" finished-at="2019-02-07T00:37:22Z">
          <reporter-output>
          </reporter-output>
        </test-method> <!-- init -->
        <test-method status="PASS" signature="verifyLowestPriceAfterDiscount()[pri:0, instance:RentalCars.RentalCars.RentalCarsTest@4f933fd1]" name="verifyLowestPriceAfterDiscount" duration-ms="2" started-at="2019-02-07T00:37:22Z" finished-at="2019-02-07T00:37:22Z">
          <reporter-output>
          </reporter-output>
        </test-method> <!-- verifyLowestPriceAfterDiscount -->
        <test-method status="PASS" signature="init()[pri:0, instance:RentalCars.RentalCars.RentalCarsTest@4f933fd1]" name="init" is-config="true" duration-ms="0" started-at="2019-02-07T00:37:22Z" finished-at="2019-02-07T00:37:22Z">
          <reporter-output>
          </reporter-output>
        </test-method> <!-- init -->
        <test-method status="PASS" signature="init()[pri:0, instance:RentalCars.RentalCars.RentalCarsTest@4f933fd1]" name="init" is-config="true" duration-ms="0" started-at="2019-02-07T00:37:22Z" finished-at="2019-02-07T00:37:22Z">
          <reporter-output>
          </reporter-output>
        </test-method> <!-- init -->
        <test-method status="PASS" signature="verifyLowestPriceCar()[pri:0, instance:RentalCars.RentalCars.RentalCarsTest@4f933fd1]" name="verifyLowestPriceCar" duration-ms="1" started-at="2019-02-07T00:37:22Z" finished-at="2019-02-07T00:37:22Z">
          <reporter-output>
          </reporter-output>
        </test-method> <!-- verifyLowestPriceCar -->
      </class> <!-- RentalCars.RentalCars.RentalCarsTest -->
    </test> <!-- Default test -->
  </suite> <!-- Default suite -->
</testng-results>
